d:\hal work\cl23\second\raylib sample\dash\dasher - remake - 0218\dasher\dasher\x64\release\vc143.pdb
d:\hal work\cl23\second\raylib sample\dash\dasher - remake - 0218\dasher\dasher\x64\release\player.obj
d:\hal work\cl23\second\raylib sample\dash\dasher - remake - 0218\dasher\dasher\x64\release\enemy.obj
d:\hal work\cl23\second\raylib sample\dash\dasher - remake - 0218\dasher\dasher\x64\release\main.obj
d:\hal work\cl23\second\raylib sample\dash\dasher - remake - 0218\dasher\dasher\x64\release\game.obj
d:\hal work\cl23\second\raylib sample\dash\dasher - remake - 0218\dasher\dasher\x64\release\background.obj
d:\hal work\cl23\second\raylib sample\dash\dasher\dasher\x64\release\raylib.dll
d:\hal work\cl23\second\raylib sample\dash\dasher\dasher\x64\release\glfw3.dll
d:\hal work\cl23\second\raylib sample\dash\dasher - remake\dasher\x64\release\raylib.dll
d:\hal work\cl23\second\raylib sample\dash\dasher - remake\dasher\x64\release\glfw3.dll
d:\hal work\cl23\second\raylib sample\dash\dasher - remake - 0218\dasher\x64\release\raylib.dll
d:\hal work\cl23\second\raylib sample\dash\dasher - remake - 0218\dasher\x64\release\glfw3.dll
d:\hal work\cl23\second\raylib sample\dash\dasher - remake - 0218\dasher\dasher\x64\release\dasher.ipdb
d:\hal work\cl23\second\raylib sample\dash\dasher - remake - 0218\dasher\dasher\x64\release\dasher.iobj
d:\hal work\cl23\second\raylib sample\dash\dasher - remake - 0218\dasher\dasher\x64\release\dasher.obj
d:\hal work\cl23\second\raylib sample\dash\dasher - remake - 0218\dasher\x64\release\dasher.pdb
d:\hal work\cl23\second\raylib sample\dash\dasher - remake - 0218\dasher\dasher\x64\release\dasher.tlog\cl.command.1.tlog
d:\hal work\cl23\second\raylib sample\dash\dasher - remake - 0218\dasher\dasher\x64\release\dasher.tlog\cl.items.tlog
d:\hal work\cl23\second\raylib sample\dash\dasher - remake - 0218\dasher\dasher\x64\release\dasher.tlog\cl.read.1.tlog
d:\hal work\cl23\second\raylib sample\dash\dasher - remake - 0218\dasher\dasher\x64\release\dasher.tlog\cl.write.1.tlog
d:\hal work\cl23\second\raylib sample\dash\dasher - remake - 0218\dasher\dasher\x64\release\dasher.tlog\dasher.write.1u.tlog
d:\hal work\cl23\second\raylib sample\dash\dasher - remake - 0218\dasher\dasher\x64\release\dasher.tlog\link.command.1.tlog
d:\hal work\cl23\second\raylib sample\dash\dasher - remake - 0218\dasher\dasher\x64\release\dasher.tlog\link.read.1.tlog
d:\hal work\cl23\second\raylib sample\dash\dasher - remake - 0218\dasher\dasher\x64\release\dasher.tlog\link.secondary.1.tlog
d:\hal work\cl23\second\raylib sample\dash\dasher - remake - 0218\dasher\dasher\x64\release\dasher.tlog\link.write.1.tlog
